[logsAndroid_Pixel_XL INFO ] 2022-12-23 21:44:57.245 BaseTest:231 - log path: logs\Android_Pixel_XL
[logsAndroid_Pixel_XL INFO ] 2022-12-23 21:44:57.272 BaseTest:284 - App Url: C:\Users\priyamps\Downloads\Eclipse\Eclipse-Workspace\TDDFramework\src\test\resources\app\Android.SauceLabs.Mobile.Sample.app.2.7.1.apk
[logsAndroid_Pixel_XL INFO ] 2022-12-23 21:45:11.563 ProductTests2:65 - Log-in
[logsAndroid_Pixel_XL INFO ] 2022-12-23 21:45:11.697 ProductTests2:67 - 
******* STARTING TEST: validateProductOnProductDetailsPage-*******

[logsAndroid_Pixel_XL INFO ] 2022-12-23 21:45:12.341 LoginPage:22 - Username: standard_user
[logsAndroid_Pixel_XL INFO ] 2022-12-23 21:45:13.488 LoginPage:30 - Password: secret_sauce
[logsAndroid_Pixel_XL INFO ] 2022-12-23 21:45:14.621 LoginPage:38 - Press Login Button
[logsAndroid_Pixel_XL INFO ] 2022-12-23 21:45:14.629 ProductsPage:41 - Press SLB title link
[logsAndroid_Pixel_XL INFO ] 2022-12-23 21:45:17.147 ProductsDetailsPage:25 - Title: Sauce Labs Backpack
[logsAndroid_Pixel_XL INFO ] 2022-12-23 21:45:21.576 ProductsDetailsPage:31 - Description: carry.allTheThings() with the sleek, streamlined Sly Pack that melds uncompromising style with unequaled laptop and tablet protection.
[logsAndroid_Pixel_XL INFO ] 2022-12-23 21:45:21.667 ProductsDetailsPage:36 - Price: $29.99
[logsAndroid_Pixel_XL INFO ] 2022-12-23 21:45:21.668 ProductsDetailsPage:48 - Navigate back to product page.........
[logsAndroid_Pixel_XL INFO ] 2022-12-23 21:45:21.840 ProductTests2:119 - 

****** validateProductOnProductDetailsPage Successful ******
[logsAndroid_Pixel_XL INFO ] 2022-12-23 21:45:23.172 SettingsPage:18 - Press Logout Button
[logsAndroid_Pixel_XL INFO ] 2022-12-23 21:45:26.852 ProductTests2:80 - Log-out
[logsAndroid_Pixel_XL INFO ] 2022-12-23 21:45:29.750 ProductTests2:65 - Log-in
[logsAndroid_Pixel_XL INFO ] 2022-12-23 21:45:29.752 ProductTests2:67 - 
******* STARTING TEST: validateProductOnProductsPage-*******

[logsAndroid_Pixel_XL INFO ] 2022-12-23 21:45:33.294 LoginPage:22 - Username: standard_user
[logsAndroid_Pixel_XL INFO ] 2022-12-23 21:45:34.905 LoginPage:30 - Password: secret_sauce
[logsAndroid_Pixel_XL INFO ] 2022-12-23 21:45:36.020 LoginPage:38 - Press Login Button
[logsAndroid_Pixel_XL INFO ] 2022-12-23 21:45:37.276 ProductsPage:29 - Product Page Title: Sauce Labs Backpack
[logsAndroid_Pixel_XL INFO ] 2022-12-23 21:45:37.378 ProductsPage:35 - Product Price: $29.99
[logsAndroid_Pixel_XL INFO ] 2022-12-23 21:45:37.378 ProductTests2:94 - 

******* validateProductOnProductsPage Successful ******* 
[logsAndroid_Pixel_XL INFO ] 2022-12-23 21:45:37.540 SettingsPage:18 - Press Logout Button
[logsAndroid_Pixel_XL INFO ] 2022-12-23 21:45:41.072 ProductTests2:80 - Log-out
