[logsAndroid_Pixel_XL INFO ] 2023-01-11 10:10:10.193 BaseTest:280 - log path: logs\Android_Pixel_XL
[logsAndroid_Pixel_XL INFO ] 2023-01-11 10:10:10.215 BaseTest:333 - App Url: C:\Users\priyamps\Downloads\Eclipse\Eclipse-Workspace\TDDFramework_Type_5\src\test\resources\app\Android.SauceLabs.Mobile.Sample.app.2.7.1.apk
[logsAndroid_Pixel_XL INFO ] 2023-01-11 10:11:18.562 BaseTest:280 - log path: logs\Android_Pixel_XL
[logsAndroid_Pixel_XL INFO ] 2023-01-11 10:11:18.576 BaseTest:333 - App Url: C:\Users\priyamps\Downloads\Eclipse\Eclipse-Workspace\TDDFramework_Type_5\src\test\resources\app\Android.SauceLabs.Mobile.Sample.app.2.7.1.apk
[logsAndroid_Pixel_XL INFO ] 2023-01-11 10:11:51.829 ProductTests2:65 - Log-in
[logsAndroid_Pixel_XL INFO ] 2023-01-11 10:11:51.967 ProductTests2:67 - 
******* STARTING TEST: validateProductOnProductDetailsPage-*******

[logsAndroid_Pixel_XL INFO ] 2023-01-11 10:11:53.476 LoginPage:22 - Username: standard_user
[logsAndroid_Pixel_XL INFO ] 2023-01-11 10:11:54.716 LoginPage:30 - Password: secret_sauce
[logsAndroid_Pixel_XL INFO ] 2023-01-11 10:11:55.979 LoginPage:38 - Press Login Button
[logsAndroid_Pixel_XL INFO ] 2023-01-11 10:11:55.991 ProductsPage:41 - Press SLB title link
[logsAndroid_Pixel_XL INFO ] 2023-01-11 10:11:59.981 ProductsDetailsPage:25 - Title: Sauce Labs Backpack
[logsAndroid_Pixel_XL INFO ] 2023-01-11 10:12:03.993 ProductsDetailsPage:31 - Description: carry.allTheThings() with the sleek, streamlined Sly Pack that melds uncompromising style with unequaled laptop and tablet protection.
[logsAndroid_Pixel_XL INFO ] 2023-01-11 10:12:04.094 ProductsDetailsPage:36 - Price: $29.99
[logsAndroid_Pixel_XL INFO ] 2023-01-11 10:12:04.095 ProductsDetailsPage:48 - Navigate back to product page.........
[logsAndroid_Pixel_XL INFO ] 2023-01-11 10:12:04.279 ProductTests2:119 - 

****** validateProductOnProductDetailsPage Successful ******
[logsAndroid_Pixel_XL INFO ] 2023-01-11 10:12:05.429 SettingsPage:18 - Press Logout Button
[logsAndroid_Pixel_XL INFO ] 2023-01-11 10:12:08.080 ProductTests2:80 - Log-out
[logsAndroid_Pixel_XL INFO ] 2023-01-11 10:12:10.288 ProductTests2:65 - Log-in
[logsAndroid_Pixel_XL INFO ] 2023-01-11 10:12:10.289 ProductTests2:67 - 
******* STARTING TEST: validateProductOnProductsPage-*******

[logsAndroid_Pixel_XL INFO ] 2023-01-11 10:12:12.902 LoginPage:22 - Username: standard_user
[logsAndroid_Pixel_XL INFO ] 2023-01-11 10:12:14.533 LoginPage:30 - Password: secret_sauce
[logsAndroid_Pixel_XL INFO ] 2023-01-11 10:12:15.732 LoginPage:38 - Press Login Button
[logsAndroid_Pixel_XL INFO ] 2023-01-11 10:12:17.251 ProductsPage:29 - Product Page Title: Sauce Labs Backpack
[logsAndroid_Pixel_XL INFO ] 2023-01-11 10:12:17.413 ProductsPage:35 - Product Price: $29.99
[logsAndroid_Pixel_XL INFO ] 2023-01-11 10:12:17.414 ProductTests2:94 - 

******* validateProductOnProductsPage Successful ******* 
[logsAndroid_Pixel_XL INFO ] 2023-01-11 10:12:17.666 SettingsPage:18 - Press Logout Button
[logsAndroid_Pixel_XL INFO ] 2023-01-11 10:12:20.259 ProductTests2:80 - Log-out
[logsAndroid_Pixel_XL INFO ] 2023-01-11 10:12:22.031 BaseTest:239 - Appium server stopped
